{"/Users/Sarah/Desktop/CodeFellows/Code401/Lab11/auth-server/src/router.js": {"path":"/Users/Sarah/Desktop/CodeFellows/Code401/Lab11/auth-server/src/router.js","statementMap":{"0":{"start":{"line":4,"column":16},"end":{"line":4,"column":34}},"1":{"start":{"line":5,"column":14},"end":{"line":5,"column":53}},"2":{"start":{"line":6,"column":14},"end":{"line":6,"column":51}},"3":{"start":{"line":7,"column":15},"end":{"line":7,"column":53}},"4":{"start":{"line":8,"column":14},"end":{"line":8,"column":51}},"5":{"start":{"line":11,"column":15},"end":{"line":11,"column":31}},"6":{"start":{"line":14,"column":0},"end":{"line":29,"column":3}},"7":{"start":{"line":15,"column":17},"end":{"line":19,"column":3}},"8":{"start":{"line":21,"column":15},"end":{"line":21,"column":34}},"9":{"start":{"line":22,"column":16},"end":{"line":22,"column":35}},"10":{"start":{"line":24,"column":4},"end":{"line":25,"column":45}},"11":{"start":{"line":27,"column":4},"end":{"line":27,"column":11}},"12":{"start":{"line":32,"column":0},"end":{"line":48,"column":3}},"13":{"start":{"line":34,"column":15},"end":{"line":37,"column":3}},"14":{"start":{"line":41,"column":8},"end":{"line":44,"column":21}},"15":{"start":{"line":46,"column":2},"end":{"line":46,"column":9}},"16":{"start":{"line":51,"column":0},"end":{"line":60,"column":3}},"17":{"start":{"line":54,"column":17},"end":{"line":54,"column":35}},"18":{"start":{"line":56,"column":2},"end":{"line":57,"column":18}},"19":{"start":{"line":59,"column":2},"end":{"line":59,"column":9}},"20":{"start":{"line":65,"column":0},"end":{"line":71,"column":3}},"21":{"start":{"line":67,"column":2},"end":{"line":68,"column":18}},"22":{"start":{"line":70,"column":2},"end":{"line":70,"column":9}},"23":{"start":{"line":74,"column":0},"end":{"line":76,"column":3}},"24":{"start":{"line":75,"column":2},"end":{"line":75,"column":29}},"25":{"start":{"line":78,"column":0},"end":{"line":78,"column":24}}},"fnMap":{"0":{"name":"(anonymous_0)","decl":{"start":{"line":14,"column":23},"end":{"line":14,"column":24}},"loc":{"start":{"line":14,"column":48},"end":{"line":29,"column":1}},"line":14},"1":{"name":"(anonymous_1)","decl":{"start":{"line":32,"column":30},"end":{"line":32,"column":31}},"loc":{"start":{"line":32,"column":50},"end":{"line":48,"column":1}},"line":32},"2":{"name":"(anonymous_2)","decl":{"start":{"line":51,"column":28},"end":{"line":51,"column":29}},"loc":{"start":{"line":51,"column":54},"end":{"line":60,"column":1}},"line":51},"3":{"name":"(anonymous_3)","decl":{"start":{"line":65,"column":30},"end":{"line":65,"column":31}},"loc":{"start":{"line":65,"column":50},"end":{"line":71,"column":1}},"line":65},"4":{"name":"(anonymous_4)","decl":{"start":{"line":74,"column":28},"end":{"line":74,"column":29}},"loc":{"start":{"line":74,"column":42},"end":{"line":76,"column":1}},"line":74}},"branchMap":{"0":{"loc":{"start":{"line":18,"column":10},"end":{"line":18,"column":34}},"type":"binary-expr","locations":[{"start":{"line":18,"column":10},"end":{"line":18,"column":23}},{"start":{"line":18,"column":27},"end":{"line":18,"column":34}}],"line":18}},"s":{"0":4,"1":4,"2":4,"3":4,"4":4,"5":4,"6":4,"7":3,"8":3,"9":3,"10":3,"11":3,"12":4,"13":2,"14":2,"15":2,"16":4,"17":0,"18":0,"19":0,"20":4,"21":1,"22":1,"23":4,"24":0,"25":4},"f":{"0":3,"1":2,"2":0,"3":1,"4":0},"b":{"0":[3,2]},"_coverageSchema":"1a1c01bbd47fc00a2c39e90264f33305004495a9","hash":"3092a9872fecdb4717fcde75a22dac3ec28e9787"}
,"/Users/Sarah/Desktop/CodeFellows/Code401/Lab11/auth-server/src/server.js": {"path":"/Users/Sarah/Desktop/CodeFellows/Code401/Lab11/auth-server/src/server.js","statementMap":{"0":{"start":{"line":4,"column":16},"end":{"line":4,"column":34}},"1":{"start":{"line":5,"column":15},"end":{"line":5,"column":37}},"2":{"start":{"line":6,"column":15},"end":{"line":6,"column":45}},"3":{"start":{"line":7,"column":15},"end":{"line":7,"column":45}},"4":{"start":{"line":9,"column":12},"end":{"line":9,"column":21}},"5":{"start":{"line":13,"column":0},"end":{"line":13,"column":24}},"6":{"start":{"line":14,"column":0},"end":{"line":14,"column":48}},"7":{"start":{"line":17,"column":0},"end":{"line":17,"column":16}},"8":{"start":{"line":20,"column":0},"end":{"line":20,"column":27}},"9":{"start":{"line":21,"column":0},"end":{"line":21,"column":27}},"10":{"start":{"line":24,"column":0},"end":{"line":26,"column":3}},"11":{"start":{"line":25,"column":2},"end":{"line":25,"column":29}},"12":{"start":{"line":28,"column":0},"end":{"line":30,"column":3}},"13":{"start":{"line":29,"column":2},"end":{"line":29,"column":36}},"14":{"start":{"line":32,"column":0},"end":{"line":35,"column":2}},"15":{"start":{"line":34,"column":19},"end":{"line":34,"column":63}}},"fnMap":{"0":{"name":"(anonymous_0)","decl":{"start":{"line":24,"column":8},"end":{"line":24,"column":9}},"loc":{"start":{"line":24,"column":35},"end":{"line":26,"column":1}},"line":24},"1":{"name":"(anonymous_1)","decl":{"start":{"line":28,"column":14},"end":{"line":28,"column":15}},"loc":{"start":{"line":28,"column":34},"end":{"line":30,"column":1}},"line":28},"2":{"name":"(anonymous_2)","decl":{"start":{"line":34,"column":9},"end":{"line":34,"column":10}},"loc":{"start":{"line":34,"column":19},"end":{"line":34,"column":63}},"line":34}},"branchMap":{},"s":{"0":4,"1":4,"2":4,"3":4,"4":4,"5":4,"6":4,"7":4,"8":4,"9":4,"10":4,"11":3,"12":4,"13":6,"14":4,"15":0},"f":{"0":3,"1":6,"2":0},"b":{},"_coverageSchema":"1a1c01bbd47fc00a2c39e90264f33305004495a9","hash":"0a3498e1c79eb31560921a510bf8bfb261979e7f"}
,"/Users/Sarah/Desktop/CodeFellows/Code401/Lab11/auth-server/src/todo-routes-v1.js": {"path":"/Users/Sarah/Desktop/CodeFellows/Code401/Lab11/auth-server/src/todo-routes-v1.js","statementMap":{"0":{"start":{"line":3,"column":16},"end":{"line":3,"column":34}},"1":{"start":{"line":4,"column":15},"end":{"line":4,"column":31}},"2":{"start":{"line":5,"column":13},"end":{"line":5,"column":51}},"3":{"start":{"line":7,"column":0},"end":{"line":7,"column":36}},"4":{"start":{"line":8,"column":0},"end":{"line":8,"column":33}},"5":{"start":{"line":10,"column":0},"end":{"line":10,"column":42}},"6":{"start":{"line":11,"column":0},"end":{"line":11,"column":39}},"7":{"start":{"line":13,"column":0},"end":{"line":13,"column":45}},"8":{"start":{"line":17,"column":17},"end":{"line":20,"column":3}},"9":{"start":{"line":22,"column":15},"end":{"line":22,"column":33}},"10":{"start":{"line":23,"column":16},"end":{"line":23,"column":35}},"11":{"start":{"line":26,"column":2},"end":{"line":26,"column":32}},"12":{"start":{"line":30,"column":20},"end":{"line":30,"column":37}},"13":{"start":{"line":33,"column":2},"end":{"line":33,"column":36}},"14":{"start":{"line":37,"column":18},"end":{"line":37,"column":59}},"15":{"start":{"line":39,"column":2},"end":{"line":47,"column":3}},"16":{"start":{"line":40,"column":4},"end":{"line":40,"column":44}},"17":{"start":{"line":42,"column":4},"end":{"line":42,"column":35}},"18":{"start":{"line":43,"column":4},"end":{"line":43,"column":39}},"19":{"start":{"line":46,"column":4},"end":{"line":46,"column":36}},"20":{"start":{"line":51,"column":18},"end":{"line":51,"column":59}},"21":{"start":{"line":53,"column":2},"end":{"line":57,"column":3}},"22":{"start":{"line":54,"column":4},"end":{"line":54,"column":44}},"23":{"start":{"line":56,"column":4},"end":{"line":56,"column":36}},"24":{"start":{"line":62,"column":20},"end":{"line":62,"column":63}},"25":{"start":{"line":64,"column":2},"end":{"line":64,"column":27}},"26":{"start":{"line":67,"column":0},"end":{"line":67,"column":24}}},"fnMap":{"0":{"name":"addSingleItem","decl":{"start":{"line":15,"column":15},"end":{"line":15,"column":28}},"loc":{"start":{"line":15,"column":39},"end":{"line":27,"column":1}},"line":15},"1":{"name":"getAllItems","decl":{"start":{"line":29,"column":15},"end":{"line":29,"column":26}},"loc":{"start":{"line":29,"column":37},"end":{"line":34,"column":1}},"line":29},"2":{"name":"updateSingleItem","decl":{"start":{"line":36,"column":15},"end":{"line":36,"column":31}},"loc":{"start":{"line":36,"column":42},"end":{"line":48,"column":1}},"line":36},"3":{"name":"getSingleItem","decl":{"start":{"line":50,"column":15},"end":{"line":50,"column":28}},"loc":{"start":{"line":50,"column":39},"end":{"line":58,"column":1}},"line":50},"4":{"name":"removeSingleItem","decl":{"start":{"line":60,"column":15},"end":{"line":60,"column":31}},"loc":{"start":{"line":60,"column":42},"end":{"line":65,"column":1}},"line":60}},"branchMap":{"0":{"loc":{"start":{"line":39,"column":2},"end":{"line":47,"column":3}},"type":"if","locations":[{"start":{"line":39,"column":2},"end":{"line":47,"column":3}},{"start":{"line":39,"column":2},"end":{"line":47,"column":3}}],"line":39},"1":{"loc":{"start":{"line":53,"column":2},"end":{"line":57,"column":3}},"type":"if","locations":[{"start":{"line":53,"column":2},"end":{"line":57,"column":3}},{"start":{"line":53,"column":2},"end":{"line":57,"column":3}}],"line":53}},"s":{"0":4,"1":4,"2":4,"3":4,"4":4,"5":4,"6":4,"7":4,"8":0,"9":0,"10":0,"11":0,"12":0,"13":0,"14":0,"15":0,"16":0,"17":0,"18":0,"19":0,"20":0,"21":0,"22":0,"23":0,"24":0,"25":0,"26":4},"f":{"0":0,"1":0,"2":0,"3":0,"4":0},"b":{"0":[0,0],"1":[0,0]},"_coverageSchema":"1a1c01bbd47fc00a2c39e90264f33305004495a9","hash":"3d6640b2b24359467fa065a4706ec75c2c6c626b"}
,"/Users/Sarah/Desktop/CodeFellows/Code401/Lab11/auth-server/src/todo-routes-v2.js": {"path":"/Users/Sarah/Desktop/CodeFellows/Code401/Lab11/auth-server/src/todo-routes-v2.js","statementMap":{"0":{"start":{"line":3,"column":16},"end":{"line":3,"column":34}},"1":{"start":{"line":4,"column":15},"end":{"line":4,"column":31}},"2":{"start":{"line":5,"column":13},"end":{"line":5,"column":51}},"3":{"start":{"line":6,"column":19},"end":{"line":6,"column":57}},"4":{"start":{"line":7,"column":20},"end":{"line":7,"column":63}},"5":{"start":{"line":9,"column":0},"end":{"line":9,"column":71}},"6":{"start":{"line":10,"column":0},"end":{"line":10,"column":65}},"7":{"start":{"line":12,"column":0},"end":{"line":12,"column":77}},"8":{"start":{"line":13,"column":0},"end":{"line":13,"column":72}},"9":{"start":{"line":15,"column":0},"end":{"line":15,"column":80}},"10":{"start":{"line":19,"column":17},"end":{"line":22,"column":3}},"11":{"start":{"line":24,"column":15},"end":{"line":24,"column":33}},"12":{"start":{"line":25,"column":16},"end":{"line":25,"column":35}},"13":{"start":{"line":28,"column":2},"end":{"line":28,"column":32}},"14":{"start":{"line":32,"column":20},"end":{"line":32,"column":37}},"15":{"start":{"line":35,"column":2},"end":{"line":35,"column":36}},"16":{"start":{"line":39,"column":18},"end":{"line":39,"column":59}},"17":{"start":{"line":41,"column":2},"end":{"line":49,"column":3}},"18":{"start":{"line":42,"column":4},"end":{"line":42,"column":44}},"19":{"start":{"line":44,"column":4},"end":{"line":44,"column":35}},"20":{"start":{"line":45,"column":4},"end":{"line":45,"column":39}},"21":{"start":{"line":48,"column":4},"end":{"line":48,"column":36}},"22":{"start":{"line":53,"column":18},"end":{"line":53,"column":59}},"23":{"start":{"line":55,"column":2},"end":{"line":59,"column":3}},"24":{"start":{"line":56,"column":4},"end":{"line":56,"column":44}},"25":{"start":{"line":58,"column":4},"end":{"line":58,"column":36}},"26":{"start":{"line":64,"column":20},"end":{"line":64,"column":63}},"27":{"start":{"line":66,"column":2},"end":{"line":66,"column":27}},"28":{"start":{"line":69,"column":0},"end":{"line":69,"column":24}}},"fnMap":{"0":{"name":"addSingleItem","decl":{"start":{"line":17,"column":15},"end":{"line":17,"column":28}},"loc":{"start":{"line":17,"column":39},"end":{"line":29,"column":1}},"line":17},"1":{"name":"getAllItems","decl":{"start":{"line":31,"column":15},"end":{"line":31,"column":26}},"loc":{"start":{"line":31,"column":37},"end":{"line":36,"column":1}},"line":31},"2":{"name":"updateSingleItem","decl":{"start":{"line":38,"column":15},"end":{"line":38,"column":31}},"loc":{"start":{"line":38,"column":42},"end":{"line":50,"column":1}},"line":38},"3":{"name":"getSingleItem","decl":{"start":{"line":52,"column":15},"end":{"line":52,"column":28}},"loc":{"start":{"line":52,"column":39},"end":{"line":60,"column":1}},"line":52},"4":{"name":"removeSingleItem","decl":{"start":{"line":62,"column":15},"end":{"line":62,"column":31}},"loc":{"start":{"line":62,"column":42},"end":{"line":67,"column":1}},"line":62}},"branchMap":{"0":{"loc":{"start":{"line":41,"column":2},"end":{"line":49,"column":3}},"type":"if","locations":[{"start":{"line":41,"column":2},"end":{"line":49,"column":3}},{"start":{"line":41,"column":2},"end":{"line":49,"column":3}}],"line":41},"1":{"loc":{"start":{"line":55,"column":2},"end":{"line":59,"column":3}},"type":"if","locations":[{"start":{"line":55,"column":2},"end":{"line":59,"column":3}},{"start":{"line":55,"column":2},"end":{"line":59,"column":3}}],"line":55}},"s":{"0":4,"1":4,"2":4,"3":4,"4":4,"5":4,"6":4,"7":4,"8":4,"9":4,"10":1,"11":1,"12":1,"13":1,"14":1,"15":1,"16":1,"17":1,"18":0,"19":1,"20":1,"21":1,"22":3,"23":3,"24":1,"25":2,"26":1,"27":1,"28":4},"f":{"0":1,"1":1,"2":1,"3":3,"4":1},"b":{"0":[0,1],"1":[1,2]},"_coverageSchema":"1a1c01bbd47fc00a2c39e90264f33305004495a9","hash":"99d739b87a0677d0cc60827b230bc1eb65a01d29"}
,"/Users/Sarah/Desktop/CodeFellows/Code401/Lab11/auth-server/src/auth/middleware/basic.js": {"path":"/Users/Sarah/Desktop/CodeFellows/Code401/Lab11/auth-server/src/auth/middleware/basic.js","statementMap":{"0":{"start":{"line":3,"column":15},"end":{"line":3,"column":33}},"1":{"start":{"line":4,"column":14},"end":{"line":4,"column":46}},"2":{"start":{"line":6,"column":0},"end":{"line":45,"column":1}},"3":{"start":{"line":9,"column":2},"end":{"line":43,"column":3}},"4":{"start":{"line":10,"column":24},"end":{"line":10,"column":49}},"5":{"start":{"line":12,"column":18},"end":{"line":12,"column":45}},"6":{"start":{"line":14,"column":16},"end":{"line":14,"column":38}},"7":{"start":{"line":16,"column":31},"end":{"line":16,"column":47}},"8":{"start":{"line":21,"column":21},"end":{"line":21,"column":66}},"9":{"start":{"line":23,"column":4},"end":{"line":23,"column":36}},"10":{"start":{"line":24,"column":4},"end":{"line":24,"column":43}},"11":{"start":{"line":35,"column":4},"end":{"line":35,"column":26}},"12":{"start":{"line":37,"column":4},"end":{"line":37,"column":11}},"13":{"start":{"line":41,"column":4},"end":{"line":41,"column":21}},"14":{"start":{"line":42,"column":4},"end":{"line":42,"column":26}}},"fnMap":{"0":{"name":"(anonymous_0)","decl":{"start":{"line":6,"column":17},"end":{"line":6,"column":18}},"loc":{"start":{"line":6,"column":44},"end":{"line":45,"column":1}},"line":6}},"branchMap":{},"s":{"0":4,"1":4,"2":4,"3":7,"4":7,"5":7,"6":7,"7":7,"8":7,"9":5,"10":5,"11":3,"12":3,"13":4,"14":4},"f":{"0":7},"b":{},"_coverageSchema":"1a1c01bbd47fc00a2c39e90264f33305004495a9","hash":"342975bf165d32a7d3920d88d88af4a362ffbdbd"}
,"/Users/Sarah/Desktop/CodeFellows/Code401/Lab11/auth-server/src/auth/middleware/bearer.js": {"path":"/Users/Sarah/Desktop/CodeFellows/Code401/Lab11/auth-server/src/auth/middleware/bearer.js","statementMap":{"0":{"start":{"line":8,"column":15},"end":{"line":8,"column":33}},"1":{"start":{"line":9,"column":14},"end":{"line":9,"column":46}},"2":{"start":{"line":11,"column":0},"end":{"line":42,"column":1}},"3":{"start":{"line":17,"column":2},"end":{"line":40,"column":3}},"4":{"start":{"line":18,"column":24},"end":{"line":18,"column":49}},"5":{"start":{"line":19,"column":16},"end":{"line":19,"column":43}},"6":{"start":{"line":22,"column":21},"end":{"line":22,"column":53}},"7":{"start":{"line":25,"column":4},"end":{"line":36,"column":5}},"8":{"start":{"line":26,"column":6},"end":{"line":26,"column":28}},"9":{"start":{"line":32,"column":6},"end":{"line":32,"column":28}},"10":{"start":{"line":34,"column":6},"end":{"line":34,"column":13}},"11":{"start":{"line":39,"column":4},"end":{"line":39,"column":26}}},"fnMap":{"0":{"name":"(anonymous_0)","decl":{"start":{"line":11,"column":17},"end":{"line":11,"column":18}},"loc":{"start":{"line":11,"column":44},"end":{"line":42,"column":1}},"line":11}},"branchMap":{"0":{"loc":{"start":{"line":25,"column":4},"end":{"line":36,"column":5}},"type":"if","locations":[{"start":{"line":25,"column":4},"end":{"line":36,"column":5}},{"start":{"line":25,"column":4},"end":{"line":36,"column":5}}],"line":25}},"s":{"0":4,"1":4,"2":4,"3":11,"4":11,"5":11,"6":11,"7":11,"8":2,"9":9,"10":9,"11":0},"f":{"0":11},"b":{"0":[2,9]},"_coverageSchema":"1a1c01bbd47fc00a2c39e90264f33305004495a9","hash":"981f775a2c38b865652f655b780f0748268d17fd"}
,"/Users/Sarah/Desktop/CodeFellows/Code401/Lab11/auth-server/src/auth/middleware/oauth.js": {"path":"/Users/Sarah/Desktop/CodeFellows/Code401/Lab11/auth-server/src/auth/middleware/oauth.js","statementMap":{"0":{"start":{"line":9,"column":0},"end":{"line":9,"column":27}},"1":{"start":{"line":10,"column":17},"end":{"line":10,"column":38}},"2":{"start":{"line":11,"column":21},"end":{"line":11,"column":46}},"3":{"start":{"line":12,"column":14},"end":{"line":12,"column":31}},"4":{"start":{"line":13,"column":20},"end":{"line":13,"column":44}},"5":{"start":{"line":14,"column":20},"end":{"line":14,"column":44}},"6":{"start":{"line":15,"column":18},"end":{"line":15,"column":40}},"7":{"start":{"line":16,"column":19},"end":{"line":16,"column":40}},"8":{"start":{"line":17,"column":14},"end":{"line":17,"column":49}},"9":{"start":{"line":19,"column":0},"end":{"line":50,"column":2}},"10":{"start":{"line":20,"column":2},"end":{"line":49,"column":3}},"11":{"start":{"line":22,"column":15},"end":{"line":22,"column":29}},"12":{"start":{"line":24,"column":31},"end":{"line":31,"column":6}},"13":{"start":{"line":33,"column":22},"end":{"line":33,"column":59}},"14":{"start":{"line":35,"column":23},"end":{"line":35,"column":135}},"15":{"start":{"line":37,"column":21},"end":{"line":37,"column":38}},"16":{"start":{"line":39,"column":20},"end":{"line":39,"column":62}},"17":{"start":{"line":41,"column":4},"end":{"line":41,"column":25}},"18":{"start":{"line":42,"column":4},"end":{"line":42,"column":42}},"19":{"start":{"line":44,"column":4},"end":{"line":44,"column":11}},"20":{"start":{"line":47,"column":4},"end":{"line":47,"column":23}},"21":{"start":{"line":48,"column":5},"end":{"line":48,"column":27}}},"fnMap":{"0":{"name":"(anonymous_0)","decl":{"start":{"line":19,"column":17},"end":{"line":19,"column":18}},"loc":{"start":{"line":19,"column":43},"end":{"line":50,"column":1}},"line":19}},"branchMap":{},"s":{"0":4,"1":4,"2":4,"3":4,"4":4,"5":4,"6":4,"7":4,"8":4,"9":4,"10":0,"11":0,"12":0,"13":0,"14":0,"15":0,"16":0,"17":0,"18":0,"19":0,"20":0,"21":0},"f":{"0":0},"b":{},"_coverageSchema":"1a1c01bbd47fc00a2c39e90264f33305004495a9","hash":"6d5107ee7a8ffb2d27e0346917b55790f2300f37"}
,"/Users/Sarah/Desktop/CodeFellows/Code401/Lab11/auth-server/src/auth/middleware/permissions.js": {"path":"/Users/Sarah/Desktop/CodeFellows/Code401/Lab11/auth-server/src/auth/middleware/permissions.js","statementMap":{"0":{"start":{"line":3,"column":13},"end":{"line":3,"column":45}},"1":{"start":{"line":5,"column":0},"end":{"line":14,"column":2}},"2":{"start":{"line":6,"column":4},"end":{"line":13,"column":6}},"3":{"start":{"line":8,"column":8},"end":{"line":12,"column":9}},"4":{"start":{"line":9,"column":8},"end":{"line":9,"column":15}},"5":{"start":{"line":11,"column":8},"end":{"line":11,"column":37}}},"fnMap":{"0":{"name":"(anonymous_0)","decl":{"start":{"line":5,"column":17},"end":{"line":5,"column":18}},"loc":{"start":{"line":5,"column":33},"end":{"line":14,"column":1}},"line":5},"1":{"name":"(anonymous_1)","decl":{"start":{"line":6,"column":11},"end":{"line":6,"column":12}},"loc":{"start":{"line":6,"column":31},"end":{"line":13,"column":5}},"line":6}},"branchMap":{"0":{"loc":{"start":{"line":8,"column":8},"end":{"line":12,"column":9}},"type":"if","locations":[{"start":{"line":8,"column":8},"end":{"line":12,"column":9}},{"start":{"line":8,"column":8},"end":{"line":12,"column":9}}],"line":8}},"s":{"0":4,"1":4,"2":20,"3":7,"4":7,"5":0},"f":{"0":20,"1":7},"b":{"0":[7,0]},"_coverageSchema":"1a1c01bbd47fc00a2c39e90264f33305004495a9","hash":"284b1fc6bbf59ff6320ca6d9ad0ea6bcea1d7231"}
,"/Users/Sarah/Desktop/CodeFellows/Code401/Lab11/auth-server/src/auth/models/todo-model.js": {"path":"/Users/Sarah/Desktop/CodeFellows/Code401/Lab11/auth-server/src/auth/models/todo-model.js","statementMap":{"0":{"start":{"line":3,"column":17},"end":{"line":3,"column":36}},"1":{"start":{"line":6,"column":13},"end":{"line":15,"column":2}},"2":{"start":{"line":17,"column":0},"end":{"line":17,"column":46}}},"fnMap":{},"branchMap":{},"s":{"0":4,"1":4,"2":4},"f":{},"b":{},"_coverageSchema":"1a1c01bbd47fc00a2c39e90264f33305004495a9","hash":"75428561cd9f85f3a8b333c63994af25bf7056cc"}
,"/Users/Sarah/Desktop/CodeFellows/Code401/Lab11/auth-server/src/auth/models/users-model.js": {"path":"/Users/Sarah/Desktop/CodeFellows/Code401/Lab11/auth-server/src/auth/models/users-model.js","statementMap":{"0":{"start":{"line":4,"column":17},"end":{"line":4,"column":36}},"1":{"start":{"line":5,"column":15},"end":{"line":5,"column":32}},"2":{"start":{"line":6,"column":12},"end":{"line":6,"column":35}},"3":{"start":{"line":9,"column":15},"end":{"line":9,"column":22}},"4":{"start":{"line":12,"column":14},"end":{"line":21,"column":2}},"5":{"start":{"line":24,"column":26},"end":{"line":28,"column":1}},"6":{"start":{"line":31,"column":0},"end":{"line":34,"column":3}},"7":{"start":{"line":32,"column":2},"end":{"line":32,"column":54}},"8":{"start":{"line":33,"column":2},"end":{"line":33,"column":48}},"9":{"start":{"line":37,"column":0},"end":{"line":40,"column":2}},"10":{"start":{"line":38,"column":14},"end":{"line":38,"column":59}},"11":{"start":{"line":39,"column":2},"end":{"line":39,"column":15}},"12":{"start":{"line":45,"column":0},"end":{"line":57,"column":1}},"13":{"start":{"line":46,"column":13},"end":{"line":46,"column":55}},"14":{"start":{"line":49,"column":16},"end":{"line":49,"column":63}},"15":{"start":{"line":51,"column":2},"end":{"line":55,"column":3}},"16":{"start":{"line":52,"column":4},"end":{"line":52,"column":16}},"17":{"start":{"line":54,"column":4},"end":{"line":54,"column":21}},"18":{"start":{"line":59,"column":0},"end":{"line":78,"column":1}},"19":{"start":{"line":61,"column":1},"end":{"line":76,"column":2}},"20":{"start":{"line":63,"column":19},"end":{"line":63,"column":44}},"21":{"start":{"line":66,"column":17},"end":{"line":66,"column":36}},"22":{"start":{"line":69,"column":19},"end":{"line":69,"column":61}},"23":{"start":{"line":71,"column":2},"end":{"line":71,"column":20}},"24":{"start":{"line":74,"column":3},"end":{"line":74,"column":38}},"25":{"start":{"line":75,"column":3},"end":{"line":75,"column":20}},"26":{"start":{"line":80,"column":0},"end":{"line":97,"column":2}},"27":{"start":{"line":85,"column":19},"end":{"line":85,"column":59}},"28":{"start":{"line":87,"column":2},"end":{"line":96,"column":3}},"29":{"start":{"line":88,"column":4},"end":{"line":88,"column":22}},"30":{"start":{"line":91,"column":18},"end":{"line":94,"column":6}},"31":{"start":{"line":95,"column":4},"end":{"line":95,"column":32}},"32":{"start":{"line":100,"column":0},"end":{"line":103,"column":2}},"33":{"start":{"line":102,"column":2},"end":{"line":102,"column":59}},"34":{"start":{"line":105,"column":18},"end":{"line":105,"column":48}},"35":{"start":{"line":106,"column":0},"end":{"line":106,"column":27}}},"fnMap":{"0":{"name":"(anonymous_0)","decl":{"start":{"line":31,"column":18},"end":{"line":31,"column":19}},"loc":{"start":{"line":31,"column":36},"end":{"line":34,"column":1}},"line":31},"1":{"name":"(anonymous_1)","decl":{"start":{"line":37,"column":30},"end":{"line":37,"column":31}},"loc":{"start":{"line":37,"column":41},"end":{"line":40,"column":1}},"line":37},"2":{"name":"(anonymous_2)","decl":{"start":{"line":45,"column":30},"end":{"line":45,"column":31}},"loc":{"start":{"line":45,"column":66},"end":{"line":57,"column":1}},"line":45},"3":{"name":"(anonymous_3)","decl":{"start":{"line":59,"column":30},"end":{"line":59,"column":31}},"loc":{"start":{"line":59,"column":52},"end":{"line":78,"column":1}},"line":59},"4":{"name":"(anonymous_4)","decl":{"start":{"line":80,"column":29},"end":{"line":80,"column":30}},"loc":{"start":{"line":80,"column":52},"end":{"line":97,"column":1}},"line":80},"5":{"name":"(anonymous_5)","decl":{"start":{"line":100,"column":20},"end":{"line":100,"column":21}},"loc":{"start":{"line":100,"column":42},"end":{"line":103,"column":1}},"line":100}},"branchMap":{"0":{"loc":{"start":{"line":51,"column":2},"end":{"line":55,"column":3}},"type":"if","locations":[{"start":{"line":51,"column":2},"end":{"line":55,"column":3}},{"start":{"line":51,"column":2},"end":{"line":55,"column":3}}],"line":51},"1":{"loc":{"start":{"line":87,"column":2},"end":{"line":96,"column":3}},"type":"if","locations":[{"start":{"line":87,"column":2},"end":{"line":96,"column":3}},{"start":{"line":87,"column":2},"end":{"line":96,"column":3}}],"line":87}},"s":{"0":4,"1":4,"2":4,"3":4,"4":4,"5":4,"6":4,"7":6,"8":6,"9":4,"10":6,"11":6,"12":4,"13":7,"14":7,"15":5,"16":3,"17":2,"18":4,"19":11,"20":11,"21":9,"22":9,"23":9,"24":2,"25":2,"26":4,"27":0,"28":0,"29":0,"30":0,"31":0,"32":4,"33":7,"34":4,"35":4},"f":{"0":6,"1":6,"2":7,"3":11,"4":0,"5":7},"b":{"0":[3,2],"1":[0,0]},"_coverageSchema":"1a1c01bbd47fc00a2c39e90264f33305004495a9","hash":"5e30c26f3d0ef98615f25e1af82911f5448b2c7c"}
}
