TN:
SF:src/router.js
FN:14,(anonymous_0)
FN:32,(anonymous_1)
FN:51,(anonymous_2)
FN:65,(anonymous_3)
FN:74,(anonymous_4)
FNF:5
FNH:3
FNDA:3,(anonymous_0)
FNDA:2,(anonymous_1)
FNDA:0,(anonymous_2)
FNDA:1,(anonymous_3)
FNDA:0,(anonymous_4)
DA:4,4
DA:5,4
DA:6,4
DA:7,4
DA:8,4
DA:11,4
DA:14,4
DA:15,3
DA:21,3
DA:22,3
DA:24,3
DA:27,3
DA:32,4
DA:34,2
DA:41,2
DA:46,2
DA:51,4
DA:54,0
DA:56,0
DA:59,0
DA:65,4
DA:67,1
DA:70,1
DA:74,4
DA:75,0
DA:78,4
LF:26
LH:22
BRDA:18,0,0,3
BRDA:18,0,1,2
BRF:2
BRH:2
end_of_record
TN:
SF:src/server.js
FN:24,(anonymous_0)
FN:28,(anonymous_1)
FN:34,(anonymous_2)
FNF:3
FNH:2
FNDA:3,(anonymous_0)
FNDA:6,(anonymous_1)
FNDA:0,(anonymous_2)
DA:4,4
DA:5,4
DA:6,4
DA:7,4
DA:9,4
DA:13,4
DA:14,4
DA:17,4
DA:20,4
DA:21,4
DA:24,4
DA:25,3
DA:28,4
DA:29,6
DA:32,4
DA:34,0
LF:16
LH:15
BRF:0
BRH:0
end_of_record
TN:
SF:src/todo-routes-v1.js
FN:15,addSingleItem
FN:29,getAllItems
FN:36,updateSingleItem
FN:50,getSingleItem
FN:60,removeSingleItem
FNF:5
FNH:0
FNDA:0,addSingleItem
FNDA:0,getAllItems
FNDA:0,updateSingleItem
FNDA:0,getSingleItem
FNDA:0,removeSingleItem
DA:3,4
DA:4,4
DA:5,4
DA:7,4
DA:8,4
DA:10,4
DA:11,4
DA:13,4
DA:17,0
DA:22,0
DA:23,0
DA:26,0
DA:30,0
DA:33,0
DA:37,0
DA:39,0
DA:40,0
DA:42,0
DA:43,0
DA:46,0
DA:51,0
DA:53,0
DA:54,0
DA:56,0
DA:62,0
DA:64,0
DA:67,4
LF:27
LH:9
BRDA:39,0,0,0
BRDA:39,0,1,0
BRDA:53,1,0,0
BRDA:53,1,1,0
BRF:4
BRH:0
end_of_record
TN:
SF:src/todo-routes-v2.js
FN:17,addSingleItem
FN:31,getAllItems
FN:38,updateSingleItem
FN:52,getSingleItem
FN:62,removeSingleItem
FNF:5
FNH:5
FNDA:1,addSingleItem
FNDA:1,getAllItems
FNDA:1,updateSingleItem
FNDA:3,getSingleItem
FNDA:1,removeSingleItem
DA:3,4
DA:4,4
DA:5,4
DA:6,4
DA:7,4
DA:9,4
DA:10,4
DA:12,4
DA:13,4
DA:15,4
DA:19,1
DA:24,1
DA:25,1
DA:28,1
DA:32,1
DA:35,1
DA:39,1
DA:41,1
DA:42,0
DA:44,1
DA:45,1
DA:48,1
DA:53,3
DA:55,3
DA:56,1
DA:58,2
DA:64,1
DA:66,1
DA:69,4
LF:29
LH:28
BRDA:41,0,0,0
BRDA:41,0,1,1
BRDA:55,1,0,1
BRDA:55,1,1,2
BRF:4
BRH:3
end_of_record
TN:
SF:src/auth/middleware/basic.js
FN:6,(anonymous_0)
FNF:1
FNH:1
FNDA:7,(anonymous_0)
DA:3,4
DA:4,4
DA:6,4
DA:9,7
DA:10,7
DA:12,7
DA:14,7
DA:16,7
DA:21,7
DA:23,5
DA:24,5
DA:35,3
DA:37,3
DA:41,4
DA:42,4
LF:15
LH:15
BRF:0
BRH:0
end_of_record
TN:
SF:src/auth/middleware/bearer.js
FN:11,(anonymous_0)
FNF:1
FNH:1
FNDA:11,(anonymous_0)
DA:8,4
DA:9,4
DA:11,4
DA:17,11
DA:18,11
DA:19,11
DA:22,11
DA:25,11
DA:26,2
DA:32,9
DA:34,9
DA:39,0
LF:12
LH:11
BRDA:25,0,0,2
BRDA:25,0,1,9
BRF:2
BRH:2
end_of_record
TN:
SF:src/auth/middleware/oauth.js
FN:19,(anonymous_0)
FNF:1
FNH:0
FNDA:0,(anonymous_0)
DA:9,4
DA:10,4
DA:11,4
DA:12,4
DA:13,4
DA:14,4
DA:15,4
DA:16,4
DA:17,4
DA:19,4
DA:20,0
DA:22,0
DA:24,0
DA:33,0
DA:35,0
DA:37,0
DA:39,0
DA:41,0
DA:42,0
DA:44,0
DA:47,0
DA:48,0
LF:22
LH:10
BRF:0
BRH:0
end_of_record
TN:
SF:src/auth/middleware/permissions.js
FN:5,(anonymous_0)
FN:6,(anonymous_1)
FNF:2
FNH:2
FNDA:20,(anonymous_0)
FNDA:7,(anonymous_1)
DA:3,4
DA:5,4
DA:6,20
DA:8,7
DA:9,7
DA:11,0
LF:6
LH:5
BRDA:8,0,0,7
BRDA:8,0,1,0
BRF:2
BRH:1
end_of_record
TN:
SF:src/auth/models/todo-model.js
FNF:0
FNH:0
DA:3,4
DA:6,4
DA:17,4
LF:3
LH:3
BRF:0
BRH:0
end_of_record
TN:
SF:src/auth/models/users-model.js
FN:31,(anonymous_0)
FN:37,(anonymous_1)
FN:45,(anonymous_2)
FN:59,(anonymous_3)
FN:80,(anonymous_4)
FN:100,(anonymous_5)
FNF:6
FNH:5
FNDA:6,(anonymous_0)
FNDA:6,(anonymous_1)
FNDA:7,(anonymous_2)
FNDA:11,(anonymous_3)
FNDA:0,(anonymous_4)
FNDA:7,(anonymous_5)
DA:4,4
DA:5,4
DA:6,4
DA:9,4
DA:12,4
DA:24,4
DA:31,4
DA:32,6
DA:33,6
DA:37,4
DA:38,6
DA:39,6
DA:45,4
DA:46,7
DA:49,7
DA:51,5
DA:52,3
DA:54,2
DA:59,4
DA:61,11
DA:63,11
DA:66,9
DA:69,9
DA:71,9
DA:74,2
DA:75,2
DA:80,4
DA:85,0
DA:87,0
DA:88,0
DA:91,0
DA:95,0
DA:100,4
DA:102,7
DA:105,4
DA:106,4
LF:36
LH:31
BRDA:51,0,0,3
BRDA:51,0,1,2
BRDA:87,1,0,0
BRDA:87,1,1,0
BRF:4
BRH:2
end_of_record
